<?xml version="1.0" encoding="UTF-8"?>
<!-- Generated by org.testng.reporters.JUnitReportReporter -->
<testsuite skipped="0" hostname="Mahantesh-PC" name="com.jen.Demo1" tests="1" failures="0" timestamp="26 Apr 2019 04:43:15 GMT" time="20.523" errors="0">
  <testcase name="testcase1" time="20.523" classname="com.jen.Demo1"/>
</testsuite> <!-- com.jen.Demo1 -->
