<?xml version="1.0" encoding="UTF-8"?>
<!-- Generated by org.testng.reporters.JUnitReportReporter -->
<testsuite skipped="0" hostname="Mahantesh-PC" name="com.jen.Demo1" tests="1" failures="0" timestamp="25 Apr 2019 12:09:38 GMT" time="19.500" errors="0">
  <testcase name="testcase1" time="19.500" classname="com.jen.Demo1"/>
</testsuite> <!-- com.jen.Demo1 -->
